TN:
SF:noodle/database/user_table.go
DA:57,1
DA:58,1
DA:59,1
DA:60,1
DA:63,7
DA:64,7
DA:65,7
DA:66,9
DA:67,2
DA:68,7
DA:69,5
DA:70,5
DA:71,10
DA:72,3
DA:73,3
DA:74,4
DA:75,4
DA:76,4
DA:77,4
DA:78,4
DA:79,4
DA:80,4
DA:81,4
DA:82,4
DA:83,4
DA:84,4
DA:85,8
DA:86,4
DA:87,4
DA:88,4
DA:89,4
DA:90,4
DA:91,4
DA:92,4
DA:93,4
DA:94,4
DA:95,4
DA:96,4
DA:97,4
DA:98,4
DA:100,4
DA:104,2
DA:105,2
DA:106,2
DA:109,2
DA:110,2
DA:111,3
DA:112,1
DA:113,1
DA:114,1
DA:118,3
DA:119,3
DA:120,5
DA:121,3
DA:122,1
DA:123,1
DA:124,1
DA:126,1
DA:131,1
DA:132,1
DA:133,1
DA:134,1
DA:137,1
DA:138,1
DA:139,1
DA:140,1
DA:143,2
DA:144,2
DA:145,2
DA:146,2
DA:147,2
DA:149,2
DA:150,2
DA:151,2
DA:152,2
DA:153,2
DA:156,1
DA:157,2
DA:158,1
DA:159,1
DA:160,1
DA:161,1
DA:162,1
DA:163,1
DA:164,1
DA:165,1
DA:166,1
DA:167,1
DA:168,1
DA:172,1
DA:173,2
DA:174,1
DA:175,1
DA:176,1
DA:177,1
DA:178,1
DA:179,1
DA:180,1
DA:181,1
DA:182,1
DA:183,1
DA:184,1
DA:185,1
DA:189,1
DA:190,1
DA:193,17
DA:194,17
DA:195,17
DA:196,17
DA:197,17
LF:110
LH:110
end_of_record
TN:
SF:noodle/database/application_tab_table.go
DA:45,1
DA:46,1
DA:47,1
DA:48,1
DA:49,1
DA:52,2
DA:53,2
DA:54,3
DA:55,1
DA:56,1
DA:57,1
DA:58,1
DA:59,1
DA:60,1
DA:61,1
DA:62,1
DA:63,1
DA:64,1
DA:65,1
DA:66,1
DA:67,1
DA:68,1
DA:69,1
DA:70,1
DA:71,1
DA:72,3
DA:73,2
DA:74,2
DA:75,2
DA:76,2
DA:77,2
DA:78,2
DA:79,2
DA:80,2
DA:81,2
DA:82,2
DA:83,2
DA:84,2
DA:85,2
DA:86,2
DA:87,2
DA:88,2
DA:89,2
DA:90,2
DA:91,2
DA:93,1
DA:98,1
DA:99,1
DA:100,1
DA:101,1
DA:104,1
DA:105,1
DA:106,1
DA:107,1
DA:108,1
DA:111,1
DA:112,1
DA:113,1
DA:114,1
DA:115,1
DA:116,1
DA:117,1
DA:118,1
DA:121,1
DA:122,1
DA:123,1
DA:124,1
DA:125,1
DA:126,1
DA:127,1
DA:130,1
DA:131,1
DA:134,8
DA:135,8
DA:136,8
DA:137,8
DA:138,8
LF:77
LH:77
end_of_record
TN:
SF:noodle/api_handlers/user_handlers.go
DA:10,3
DA:11,3
DA:12,3
DA:13,3
DA:14,5
DA:15,2
DA:16,2
DA:17,3
DA:18,1
DA:19,1
DA:20,4
DA:21,1
DA:22,1
DA:23,2
LF:14
LH:14
end_of_record
TN:
SF:noodle/api_handlers/user_applications_handlers.go
DA:11,2
DA:12,2
DA:13,3
DA:14,1
DA:15,1
DA:16,1
DA:19,2
DA:20,2
DA:21,2
DA:22,3
DA:23,1
DA:24,1
DA:26,1
DA:29,2
DA:30,2
DA:31,3
DA:32,1
DA:33,1
DA:34,1
LF:19
LH:19
end_of_record
TN:
SF:noodle/api_handlers/ldap_handler.go
DA:11,11
DA:12,11
DA:13,13
DA:14,2
DA:15,2
DA:16,2
DA:18,9
DA:19,10
DA:20,1
DA:21,1
DA:22,1
DA:24,8
DA:25,13
DA:26,5
DA:27,6
DA:28,1
DA:29,1
DA:30,1
DA:31,6
DA:32,2
DA:33,4
DA:34,2
DA:35,2
DA:36,2
DA:37,2
DA:38,3
DA:39,1
DA:40,1
DA:41,1
DA:43,2
DA:44,2
DA:45,2
DA:48,8
DA:49,2
DA:50,3
DA:51,1
DA:52,1
DA:53,1
DA:56,7
DA:57,2
DA:58,3
DA:59,1
DA:60,1
DA:61,1
DA:63,4
DA:66,10
DA:67,10
DA:68,12
DA:69,2
DA:70,2
DA:71,2
DA:73,8
DA:74,9
DA:75,1
DA:76,1
DA:77,1
DA:79,7
DA:80,12
DA:81,5
DA:82,6
DA:83,1
DA:84,1
DA:85,1
DA:86,6
DA:87,2
DA:88,4
DA:89,2
DA:90,2
DA:91,2
DA:92,3
DA:93,1
DA:94,1
DA:95,1
DA:97,2
DA:98,2
DA:99,2
DA:102,7
DA:103,2
DA:104,3
DA:105,1
DA:106,1
DA:107,1
DA:110,6
DA:111,2
DA:112,3
DA:113,1
DA:114,1
DA:115,1
DA:118,3
DA:122,9
DA:123,9
DA:124,9
DA:125,11
DA:126,2
DA:127,2
DA:128,2
DA:130,13
DA:131,6
DA:132,7
DA:133,1
DA:134,1
DA:135,1
DA:136,1
DA:137,5
DA:138,6
DA:139,1
DA:140,1
DA:141,1
DA:142,1
DA:144,11
DA:145,7
DA:146,7
DA:147,7
DA:148,7
DA:149,8
DA:150,1
DA:151,1
DA:152,1
DA:153,6
DA:154,6
DA:155,6
DA:156,6
DA:157,9
DA:158,3
DA:159,3
DA:160,3
DA:161,4
DA:162,1
DA:163,1
DA:164,1
DA:165,3
DA:166,3
DA:167,3
DA:168,3
DA:171,4
DA:172,2
DA:173,2
DA:174,3
DA:175,1
DA:176,1
DA:177,1
DA:180,2
DA:183,4
DA:184,4
DA:185,4
DA:186,4
DA:187,5
DA:188,1
DA:189,1
DA:190,3
DA:191,4
DA:192,1
DA:193,1
DA:195,2
DA:196,3
DA:197,1
DA:198,1
DA:200,1
DA:201,1
DA:204,9
DA:205,20
DA:206,16
DA:207,5
DA:208,5
DA:210,4
DA:213,5
DA:214,13
DA:215,12
DA:216,4
DA:217,4
DA:219,1
DA:222,5
DA:223,12
DA:224,11
DA:225,4
DA:226,4
DA:228,1
LF:177
LH:177
end_of_record
TN:
SF:noodle/database/applications_table.go
DA:52,4
DA:53,4
DA:54,6
DA:55,2
DA:56,2
DA:57,2
DA:58,2
DA:59,2
DA:60,2
DA:61,2
DA:62,2
DA:63,2
DA:64,2
DA:65,2
DA:66,2
DA:67,2
DA:68,2
DA:69,2
DA:70,2
DA:71,2
DA:72,4
DA:73,2
DA:74,2
DA:75,2
DA:76,2
DA:77,2
DA:78,2
DA:79,2
DA:80,2
DA:81,2
DA:82,2
DA:83,2
DA:84,2
DA:85,2
DA:86,2
DA:87,2
DA:91,2
DA:92,2
DA:93,3
DA:94,1
DA:95,1
DA:96,1
DA:100,2
DA:101,2
DA:102,2
DA:105,1
DA:106,1
DA:107,1
DA:108,1
DA:111,1
DA:112,1
DA:113,1
DA:114,1
DA:117,1
DA:118,1
DA:119,1
DA:120,1
DA:123,2
DA:124,3
DA:125,1
DA:126,1
DA:127,1
DA:128,1
DA:129,1
DA:130,1
DA:131,1
DA:132,1
DA:133,1
DA:134,1
DA:135,1
DA:136,2
DA:137,1
DA:138,1
DA:139,1
DA:140,1
DA:141,1
DA:142,1
DA:143,1
DA:144,1
DA:145,1
DA:146,1
DA:151,1
DA:152,1
DA:153,1
DA:154,1
DA:155,1
DA:156,1
DA:157,1
DA:158,1
DA:159,1
DA:160,1
DA:161,1
DA:162,1
DA:163,1
DA:166,1
DA:167,1
DA:170,11
DA:171,11
DA:172,11
DA:173,11
DA:174,11
LF:101
LH:101
end_of_record
TN:
SF:noodle/database/tables.go
DA:36,20
DA:37,20
DA:38,20
DA:39,20
DA:40,20
DA:41,20
DA:42,20
DA:43,20
DA:44,20
DA:45,20
DA:46,20
DA:48,10
DA:49,10
DA:50,11
DA:51,1
DA:52,1
DA:54,10
DA:55,1
DA:56,1
DA:58,9
DA:59,1
DA:60,1
DA:62,8
DA:63,1
DA:64,1
DA:66,7
DA:67,1
DA:68,1
DA:70,6
DA:71,1
DA:72,1
DA:74,5
DA:75,1
DA:76,1
DA:78,4
DA:79,1
DA:80,1
DA:82,3
DA:83,1
DA:84,1
DA:85,1
DA:88,10
DA:89,10
DA:90,11
DA:91,1
DA:92,1
DA:94,10
DA:95,1
DA:96,1
DA:98,9
DA:99,1
DA:100,1
DA:102,8
DA:103,1
DA:104,1
DA:106,7
DA:107,1
DA:108,1
DA:110,6
DA:111,1
DA:112,1
DA:114,5
DA:115,1
DA:116,1
DA:118,4
DA:119,1
DA:120,1
DA:122,3
DA:123,1
DA:124,1
DA:126,1
DA:129,1
DA:130,1
DA:131,1
DA:134,1
DA:135,1
DA:136,1
DA:139,1
DA:140,1
DA:141,1
DA:144,1
DA:145,1
DA:146,1
DA:149,1
DA:150,1
DA:151,1
DA:154,1
DA:155,1
DA:156,1
DA:159,1
DA:160,1
DA:161,1
DA:164,1
DA:165,1
DA:166,1
DA:169,1
DA:170,1
DA:171,1
DA:173,108
DA:174,108
DA:175,108
LF:101
LH:101
end_of_record
TN:
SF:noodle/database/database.go
DA:43,1
DA:44,1
DA:45,1
DA:48,2
DA:49,2
DA:50,3
DA:51,1
DA:52,1
DA:53,1
DA:57,89
DA:58,89
DA:59,89
DA:62,114
DA:63,114
DA:64,114
DA:67,3
DA:68,3
DA:69,6
DA:70,4
DA:71,1
DA:72,1
DA:73,4
DA:74,1
DA:75,1
DA:76,2
DA:77,1
DA:78,1
DA:80,2
DA:84,7
DA:85,7
DA:86,7
DA:87,7
DA:88,7
DA:89,7
DA:90,7
DA:93,1
DA:94,1
DA:95,1
DA:96,1
DA:97,1
DA:100,101
DA:101,101
DA:102,101
DA:103,101
DA:104,101
DA:105,101
DA:106,101
DA:107,101
DA:108,101
DA:109,101
DA:110,202
DA:111,101
DA:112,101
DA:113,101
DA:114,101
DA:115,201
DA:116,100
DA:117,100
DA:119,102
DA:120,1
DA:121,1
DA:122,101
DA:126,2
DA:127,2
DA:128,2
DA:129,2
DA:130,2
DA:131,2
DA:132,2
DA:133,2
DA:134,2
DA:135,3
DA:136,1
DA:137,1
DA:139,1
DA:143,2
DA:144,2
DA:145,2
DA:146,2
DA:147,3
DA:148,1
DA:149,1
DA:151,1
DA:155,102
DA:156,102
DA:157,102
DA:158,102
DA:159,102
DA:160,102
LF:89
LH:89
end_of_record
TN:
SF:noodle/database/group_applications_table.go
DA:42,1
DA:43,1
DA:44,1
DA:45,1
DA:46,1
DA:49,2
DA:50,2
DA:51,3
DA:52,1
DA:53,1
DA:54,1
DA:55,1
DA:56,1
DA:57,1
DA:58,1
DA:59,1
DA:60,1
DA:61,1
DA:62,1
DA:63,1
DA:64,1
DA:65,1
DA:66,1
DA:67,1
DA:68,3
DA:69,2
DA:70,2
DA:71,2
DA:72,2
DA:73,2
DA:74,2
DA:75,2
DA:76,2
DA:77,2
DA:78,2
DA:79,2
DA:80,2
DA:81,2
DA:82,2
DA:83,2
DA:84,2
DA:85,2
DA:86,2
DA:88,1
DA:93,1
DA:94,1
DA:95,1
DA:96,1
DA:99,1
DA:100,1
DA:101,1
DA:102,1
DA:103,1
DA:106,1
DA:107,1
DA:108,1
DA:109,1
DA:110,1
DA:111,1
DA:112,1
DA:115,1
DA:116,1
DA:119,7
DA:120,7
DA:121,7
DA:122,7
DA:123,7
LF:67
LH:67
end_of_record
TN:
SF:noodle/database/user_applications_table.go
DA:42,1
DA:43,1
DA:44,1
DA:45,1
DA:46,1
DA:49,2
DA:50,2
DA:51,3
DA:52,1
DA:53,1
DA:54,1
DA:55,1
DA:56,1
DA:57,1
DA:58,1
DA:59,1
DA:60,1
DA:61,1
DA:62,1
DA:63,1
DA:64,1
DA:65,1
DA:66,1
DA:67,1
DA:68,3
DA:69,2
DA:70,2
DA:71,2
DA:72,2
DA:73,2
DA:74,2
DA:75,2
DA:76,2
DA:77,2
DA:78,2
DA:79,2
DA:80,2
DA:81,2
DA:82,2
DA:83,2
DA:84,2
DA:85,2
DA:86,2
DA:88,1
DA:93,1
DA:94,1
DA:95,1
DA:96,1
DA:99,1
DA:100,1
DA:101,1
DA:102,1
DA:103,1
DA:106,1
DA:107,1
DA:108,1
DA:109,1
DA:110,1
DA:111,1
DA:112,1
DA:115,1
DA:116,1
DA:119,7
DA:120,7
DA:121,7
DA:122,7
DA:123,7
LF:67
LH:67
end_of_record
TN:
SF:noodle/api_handlers/application_tab_handlers.go
DA:11,2
DA:12,2
DA:13,3
DA:14,1
DA:15,1
DA:16,1
DA:19,4
DA:20,6
DA:21,2
DA:22,2
DA:23,3
DA:24,1
DA:25,1
DA:27,5
DA:28,2
DA:29,2
DA:30,3
DA:31,1
DA:32,1
DA:35,2
DA:38,2
DA:39,2
DA:40,3
DA:41,1
DA:42,1
DA:43,1
LF:26
LH:26
end_of_record
TN:
SF:noodle/database/tab_table.go
DA:44,1
DA:45,1
DA:46,1
DA:47,1
DA:48,1
DA:51,2
DA:52,2
DA:53,3
DA:54,1
DA:55,1
DA:56,1
DA:57,1
DA:58,1
DA:59,1
DA:60,1
DA:61,1
DA:62,1
DA:63,3
DA:64,2
DA:65,2
DA:66,2
DA:67,2
DA:68,2
DA:69,2
DA:70,2
DA:71,2
DA:73,1
DA:78,1
DA:79,1
DA:80,1
DA:81,1
DA:84,1
DA:85,1
DA:86,1
DA:87,1
DA:88,1
DA:91,1
DA:92,1
DA:93,1
DA:94,1
DA:95,1
DA:96,1
DA:97,1
DA:100,1
DA:101,1
DA:102,1
DA:103,1
DA:104,1
DA:105,1
DA:106,1
DA:107,1
DA:110,1
DA:111,1
DA:114,8
DA:115,8
DA:116,8
DA:117,8
DA:118,8
LF:58
LH:58
end_of_record
TN:
SF:noodle/database/group_table.go
DA:52,1
DA:53,1
DA:54,1
DA:55,1
DA:56,1
DA:59,6
DA:60,6
DA:61,6
DA:62,8
DA:63,2
DA:64,6
DA:65,4
DA:66,4
DA:67,9
DA:68,3
DA:69,3
DA:70,3
DA:71,3
DA:72,3
DA:73,3
DA:74,3
DA:75,3
DA:76,3
DA:77,7
DA:78,4
DA:79,4
DA:80,4
DA:81,4
DA:82,4
DA:83,4
DA:84,4
DA:85,4
DA:87,3
DA:91,2
DA:92,2
DA:93,2
DA:96,2
DA:97,2
DA:98,3
DA:99,1
DA:100,1
DA:101,1
DA:105,2
DA:106,2
DA:107,3
DA:108,1
DA:109,1
DA:110,1
DA:115,1
DA:116,1
DA:117,1
DA:118,1
DA:121,1
DA:122,1
DA:123,1
DA:124,1
DA:125,1
DA:128,2
DA:129,2
DA:130,2
DA:131,2
DA:132,2
DA:134,2
DA:135,2
DA:136,2
DA:137,2
DA:138,2
DA:141,1
DA:142,1
DA:143,1
DA:144,1
DA:145,1
DA:146,1
DA:147,1
DA:150,1
DA:151,1
DA:152,1
DA:153,1
DA:154,1
DA:155,1
DA:156,1
DA:157,1
DA:160,1
DA:161,1
DA:164,16
DA:165,16
DA:166,16
DA:167,16
DA:168,16
LF:89
LH:89
end_of_record
TN:
SF:noodle/api_handlers/heimdall_handlers.go
DA:11,2
DA:12,2
DA:13,2
DA:14,2
DA:15,3
DA:16,1
DA:17,1
DA:18,1
DA:20,1
DA:21,1
LF:10
LH:10
end_of_record
TN:
SF:noodle/api_handlers/group_applications_handlers.go
DA:11,2
DA:12,2
DA:13,3
DA:14,1
DA:15,1
DA:16,1
DA:19,2
DA:20,2
DA:21,2
DA:22,3
DA:23,1
DA:24,1
DA:26,1
DA:29,2
DA:30,2
DA:31,3
DA:32,1
DA:33,1
DA:34,1
LF:19
LH:19
end_of_record
TN:
SF:noodle/api_handlers/tab_handlers.go
DA:10,2
DA:11,2
DA:12,3
DA:13,1
DA:14,1
DA:15,1
DA:18,4
DA:19,6
DA:20,2
DA:21,3
DA:22,1
DA:23,1
DA:25,5
DA:26,2
DA:27,3
DA:28,1
DA:29,1
DA:32,2
DA:35,2
DA:36,2
DA:37,3
DA:38,1
DA:39,1
DA:40,1
LF:24
LH:24
end_of_record
TN:
SF:noodle/heimdall/heimdallapps.go
DA:27,6
DA:28,6
DA:29,6
DA:30,7
DA:31,1
DA:32,1
DA:33,1
DA:34,5
DA:35,5
DA:36,6
DA:37,1
DA:38,1
DA:40,4
DA:41,4
DA:42,4
DA:43,5
DA:44,1
DA:45,1
DA:46,1
DA:48,3
DA:49,3
DA:50,7
DA:51,4
DA:52,5
DA:53,1
DA:54,1
DA:55,1
DA:57,4
DA:58,1
DA:59,1
DA:60,3
DA:61,2
DA:62,2
DA:63,2
DA:64,4
DA:65,1
DA:66,1
DA:67,1
DA:71,1
DA:75,6
DA:76,6
DA:77,6
DA:78,6
DA:79,6
LF:44
LH:44
end_of_record
TN:
SF:noodle/ldap_handler/ldap_handler.go
DA:40,6
DA:41,6
DA:42,6
DA:43,6
DA:44,6
DA:45,6
DA:46,6
DA:47,6
DA:48,6
DA:49,6
DA:50,6
DA:51,6
DA:52,6
DA:53,6
DA:54,8
DA:55,2
DA:56,2
DA:57,2
DA:59,5
DA:60,1
DA:61,1
DA:62,1
DA:64,3
DA:65,3
DA:66,3
DA:67,3
DA:68,3
DA:69,3
DA:70,3
DA:71,3
DA:72,3
DA:77,4
DA:78,4
DA:79,4
DA:80,5
DA:81,1
DA:82,1
DA:83,1
DA:86,3
DA:87,4
DA:88,1
DA:89,1
DA:90,1
DA:91,1
DA:94,2
DA:95,3
DA:96,1
DA:97,1
DA:98,1
DA:99,1
DA:101,1
DA:102,1
DA:107,3
DA:108,3
DA:109,3
DA:110,4
DA:111,1
DA:112,1
DA:114,3
DA:115,4
DA:116,1
DA:117,1
DA:118,1
DA:119,2
DA:123,4
DA:124,4
DA:125,4
DA:126,4
DA:127,4
DA:128,4
DA:129,4
DA:130,4
DA:131,4
DA:132,4
DA:133,4
DA:134,4
DA:135,4
DA:136,4
DA:137,5
DA:138,1
DA:139,1
DA:140,1
DA:142,4
DA:143,1
DA:144,1
DA:145,1
DA:147,2
DA:148,2
DA:149,2
DA:150,5
DA:151,3
DA:152,4
DA:153,1
DA:154,1
DA:155,1
DA:157,2
DA:158,2
DA:159,2
DA:160,2
DA:161,2
DA:162,2
DA:165,1
DA:169,2
DA:170,2
DA:171,2
DA:172,2
DA:173,2
DA:174,2
DA:175,2
DA:176,2
DA:177,2
DA:178,2
DA:179,2
DA:180,2
DA:181,2
DA:182,2
DA:183,3
DA:184,1
DA:185,1
DA:186,1
DA:188,1
DA:189,3
DA:190,2
DA:191,2
DA:192,2
DA:193,2
DA:194,2
DA:196,1
DA:200,3
DA:201,3
DA:202,3
DA:203,3
DA:204,3
DA:205,3
DA:206,3
DA:207,3
DA:208,3
DA:209,3
DA:210,3
DA:211,3
DA:212,3
DA:213,3
DA:214,4
DA:215,1
DA:216,1
DA:217,1
DA:219,3
DA:220,1
DA:221,1
DA:222,1
DA:224,1
DA:225,1
DA:226,1
DA:227,1
DA:228,1
DA:229,1
DA:230,1
DA:231,1
DA:232,1
DA:237,2
DA:238,2
DA:239,2
DA:240,2
DA:241,2
DA:242,2
DA:243,2
DA:244,2
DA:245,2
DA:246,2
DA:247,2
DA:248,2
DA:249,2
DA:250,2
DA:251,3
DA:252,1
DA:253,1
DA:254,1
DA:256,1
DA:257,3
DA:258,2
DA:259,2
DA:260,2
DA:261,2
DA:262,2
DA:263,2
DA:264,2
DA:265,2
DA:266,2
DA:268,1
DA:273,2
DA:274,2
DA:275,2
DA:276,2
DA:277,2
DA:278,2
DA:279,2
DA:280,2
DA:281,2
DA:282,2
DA:283,2
DA:284,2
DA:285,2
DA:286,2
DA:287,3
DA:288,1
DA:289,1
DA:290,1
DA:292,1
DA:293,3
DA:294,2
DA:295,2
DA:296,2
DA:297,2
DA:298,2
DA:299,2
DA:300,2
DA:301,2
DA:302,2
DA:303,2
DA:304,2
DA:306,1
DA:309,23
DA:310,23
DA:311,23
DA:312,23
DA:313,23
DA:314,23
LF:227
LH:227
end_of_record
TN:
SF:noodle/database/user_group_table.go
DA:48,1
DA:49,1
DA:50,1
DA:51,1
DA:54,1
DA:55,1
DA:56,1
DA:57,1
DA:58,1
DA:61,1
DA:62,1
DA:63,1
DA:64,1
DA:67,2
DA:68,2
DA:69,2
DA:70,2
DA:71,2
DA:73,6
DA:74,6
DA:75,6
DA:76,8
DA:77,2
DA:78,6
DA:79,4
DA:80,4
DA:81,9
DA:82,3
DA:83,3
DA:84,3
DA:85,3
DA:86,3
DA:87,3
DA:88,3
DA:89,3
DA:90,3
DA:91,3
DA:92,3
DA:93,3
DA:94,3
DA:95,3
DA:96,8
DA:97,5
DA:98,5
DA:99,5
DA:100,5
DA:101,5
DA:102,5
DA:103,5
DA:104,5
DA:105,5
DA:106,5
DA:107,5
DA:108,5
DA:109,5
DA:111,3
DA:115,2
DA:116,2
DA:117,2
DA:120,2
DA:121,2
DA:122,2
DA:125,2
DA:126,2
DA:127,2
DA:130,1
DA:131,1
DA:132,1
DA:133,1
DA:134,1
DA:135,1
DA:136,1
DA:139,1
DA:140,1
DA:143,13
DA:144,13
DA:145,13
DA:146,13
DA:147,13
LF:79
LH:79
end_of_record
TN:
SF:noodle/database/app_template_table.go
DA:55,1
DA:56,1
DA:57,1
DA:58,1
DA:61,2
DA:62,2
DA:63,2
DA:64,2
DA:65,2
DA:68,1
DA:69,1
DA:70,2
DA:71,1
DA:72,1
DA:73,1
DA:77,1
DA:78,1
DA:79,1
DA:80,1
DA:83,1
DA:84,1
DA:85,1
DA:86,1
DA:87,1
DA:88,1
DA:89,1
DA:90,1
DA:91,1
DA:92,1
DA:93,1
DA:94,1
DA:95,1
DA:98,2
DA:99,2
DA:100,3
DA:101,1
DA:102,1
DA:103,1
DA:104,1
DA:105,1
DA:106,1
DA:107,1
DA:108,1
DA:109,1
DA:110,1
DA:111,1
DA:112,1
DA:113,1
DA:114,1
DA:115,2
DA:116,1
DA:117,1
DA:118,1
DA:119,1
DA:120,1
DA:121,1
DA:122,1
DA:123,1
DA:124,1
DA:125,1
DA:126,1
DA:127,1
DA:128,1
DA:129,1
DA:131,1
DA:135,1
DA:136,1
DA:137,1
DA:138,1
DA:139,1
DA:140,1
DA:141,1
DA:142,1
DA:143,1
DA:144,1
DA:145,1
DA:146,1
DA:147,1
DA:150,1
DA:151,1
DA:154,10
DA:155,10
DA:156,10
DA:157,10
DA:158,10
LF:85
LH:85
end_of_record
TN:
SF:noodle/api_handlers/app_templates_handlers.go
DA:10,2
DA:11,2
DA:12,2
DA:13,3
DA:14,1
DA:15,1
DA:16,1
LF:7
LH:7
end_of_record
TN:
SF:noodle/api_handlers/user_group_handlers.go
DA:10,4
DA:11,4
DA:12,4
DA:13,6
DA:14,2
DA:15,5
DA:16,1
DA:17,2
DA:18,1
DA:19,1
DA:20,4
DA:21,1
DA:22,1
DA:23,2
LF:14
LH:14
end_of_record
TN:
SF:noodle/api_handlers/group_handlers.go
DA:10,3
DA:11,3
DA:12,3
DA:13,3
DA:14,5
DA:15,2
DA:16,2
DA:17,3
DA:18,1
DA:19,1
DA:20,4
DA:21,1
DA:22,1
DA:23,2
LF:14
LH:14
end_of_record
