<?xml version="1.0" encoding="UTF-8"?>
<testsuites>
	<testsuite tests="83" failures="0" time="0.035" name="github.com/mwinters-stuff/noodle/noodle/api_handlers">
		<properties>
			<property name="go.version" value="go1.19.5"></property>
			<property name="coverage.statements.pct" value="100.0"></property>
		</properties>
		<testcase classname="api_handlers" name="TestAppTemplateHandlersTestSuite" time="0.000"></testcase>
		<testcase classname="api_handlers" name="TestAppTemplateHandlersTestSuite/TestHandlerAppTemplatesGet" time="0.000"></testcase>
		<testcase classname="api_handlers" name="TestAppTemplateHandlersTestSuite/TestHandlerAppTemplatesGetError" time="0.000"></testcase>
		<testcase classname="api_handlers" name="TestApplicationTabHandlersTestSuite" time="0.000"></testcase>
		<testcase classname="api_handlers" name="TestApplicationTabHandlersTestSuite/TestHandlerApplicationTabsDelete" time="0.000"></testcase>
		<testcase classname="api_handlers" name="TestApplicationTabHandlersTestSuite/TestHandlerApplicationTabsDeleteError" time="0.000"></testcase>
		<testcase classname="api_handlers" name="TestApplicationTabHandlersTestSuite/TestHandlerApplicationTabsGet" time="0.000"></testcase>
		<testcase classname="api_handlers" name="TestApplicationTabHandlersTestSuite/TestHandlerApplicationTabsGetError" time="0.000"></testcase>
		<testcase classname="api_handlers" name="TestApplicationTabHandlersTestSuite/TestHandlerApplicationTabsInsert" time="0.000"></testcase>
		<testcase classname="api_handlers" name="TestApplicationTabHandlersTestSuite/TestHandlerApplicationTabsInsertError" time="0.000"></testcase>
		<testcase classname="api_handlers" name="TestApplicationTabHandlersTestSuite/TestHandlerApplicationTabsUpdate" time="0.000"></testcase>
		<testcase classname="api_handlers" name="TestApplicationTabHandlersTestSuite/TestHandlerApplicationTabsUpdateError" time="0.000"></testcase>
		<testcase classname="api_handlers" name="TestGroupApplicationsHandlersTestSuite" time="0.000"></testcase>
		<testcase classname="api_handlers" name="TestGroupApplicationsHandlersTestSuite/TestHandlerGroupApplicationsDelete" time="0.000"></testcase>
		<testcase classname="api_handlers" name="TestGroupApplicationsHandlersTestSuite/TestHandlerGroupApplicationsDeleteError" time="0.000"></testcase>
		<testcase classname="api_handlers" name="TestGroupApplicationsHandlersTestSuite/TestHandlerGroupApplicationsGet" time="0.000"></testcase>
		<testcase classname="api_handlers" name="TestGroupApplicationsHandlersTestSuite/TestHandlerGroupApplicationsGetError" time="0.000"></testcase>
		<testcase classname="api_handlers" name="TestGroupApplicationsHandlersTestSuite/TestHandlerGroupApplicationsInsert" time="0.000"></testcase>
		<testcase classname="api_handlers" name="TestGroupApplicationsHandlersTestSuite/TestHandlerGroupApplicationsInsertError" time="0.000"></testcase>
		<testcase classname="api_handlers" name="TestGroupHandlersTestSuite" time="0.000"></testcase>
		<testcase classname="api_handlers" name="TestGroupHandlersTestSuite/TestHandlerGroupsDBError" time="0.000"></testcase>
		<testcase classname="api_handlers" name="TestGroupHandlersTestSuite/TestHandlerGroupsGetAll" time="0.000"></testcase>
		<testcase classname="api_handlers" name="TestGroupHandlersTestSuite/TestHandlerGroupsGetOne" time="0.000"></testcase>
		<testcase classname="api_handlers" name="TestHiemdallHandlersTest" time="0.000"></testcase>
		<testcase classname="api_handlers" name="TestHiemdallHandlersTest/TestHandlerRefreshError" time="0.000"></testcase>
		<testcase classname="api_handlers" name="TestHiemdallHandlersTest/TestHandlerRefreshNoError" time="0.000"></testcase>
		<testcase classname="api_handlers" name="TestLdapHandlersGroupSyncTestSuite" time="0.000"></testcase>
		<testcase classname="api_handlers" name="TestLdapHandlersGroupSyncTestSuite/TestHandlerSyncGroups" time="0.000"></testcase>
		<testcase classname="api_handlers" name="TestLdapHandlersGroupSyncTestSuite/TestHandlerSyncGroups_DBDeleteError" time="0.000"></testcase>
		<testcase classname="api_handlers" name="TestLdapHandlersGroupSyncTestSuite/TestHandlerSyncGroups_DBExistsDNError" time="0.000"></testcase>
		<testcase classname="api_handlers" name="TestLdapHandlersGroupSyncTestSuite/TestHandlerSyncGroups_DBGetAllError" time="0.000"></testcase>
		<testcase classname="api_handlers" name="TestLdapHandlersGroupSyncTestSuite/TestHandlerSyncGroups_DBInsertError" time="0.000"></testcase>
		<testcase classname="api_handlers" name="TestLdapHandlersGroupSyncTestSuite/TestHandlerSyncGroups_DBUpdateError" time="0.000"></testcase>
		<testcase classname="api_handlers" name="TestLdapHandlersGroupSyncTestSuite/TestHandlerSyncGroups_LdapGetGroupsError" time="0.000"></testcase>
		<testcase classname="api_handlers" name="TestLdapHandlersOtherTestSuite" time="0.000"></testcase>
		<testcase classname="api_handlers" name="TestLdapHandlersOtherTestSuite/TestHandlerGroupSyncError" time="0.000"></testcase>
		<testcase classname="api_handlers" name="TestLdapHandlersOtherTestSuite/TestHandlerNoUsersOrGroupsLdapOrDatabase" time="0.000"></testcase>
		<testcase classname="api_handlers" name="TestLdapHandlersOtherTestSuite/TestHandlerUserGroupsSyncError" time="0.000"></testcase>
		<testcase classname="api_handlers" name="TestLdapHandlersOtherTestSuite/TestHandlerUserSyncError" time="0.000"></testcase>
		<testcase classname="api_handlers" name="TestLdapHandlersOtherTestSuite/TestIndexGroups" time="0.000"></testcase>
		<testcase classname="api_handlers" name="TestLdapHandlersOtherTestSuite/TestIndexUserGroups" time="0.000"></testcase>
		<testcase classname="api_handlers" name="TestLdapHandlersOtherTestSuite/TestIndexUsers" time="0.000"></testcase>
		<testcase classname="api_handlers" name="TestLdapHandlersUserGroupsSyncTestSuite" time="0.000"></testcase>
		<testcase classname="api_handlers" name="TestLdapHandlersUserGroupsSyncTestSuite/TestHandlerSyncUserGroups" time="0.000"></testcase>
		<testcase classname="api_handlers" name="TestLdapHandlersUserSyncTestSuite" time="0.010"></testcase>
		<testcase classname="api_handlers" name="TestLdapHandlersUserSyncTestSuite/TestHandlerSyncUserGroups_DBDeleteUserGroupError" time="0.000"></testcase>
		<testcase classname="api_handlers" name="TestLdapHandlersUserSyncTestSuite/TestHandlerSyncUserGroups_DBGetAllError" time="0.000"></testcase>
		<testcase classname="api_handlers" name="TestLdapHandlersUserSyncTestSuite/TestHandlerSyncUserGroups_DBGetGroupDNError" time="0.000"></testcase>
		<testcase classname="api_handlers" name="TestLdapHandlersUserSyncTestSuite/TestHandlerSyncUserGroups_DBGetUserGroupsError" time="0.000"></testcase>
		<testcase classname="api_handlers" name="TestLdapHandlersUserSyncTestSuite/TestHandlerSyncUserGroups_DBInsertUserGroupError" time="0.000"></testcase>
		<testcase classname="api_handlers" name="TestLdapHandlersUserSyncTestSuite/TestHandlerSyncUserGroups_LDAPGetUserGroupsError" time="0.000"></testcase>
		<testcase classname="api_handlers" name="TestLdapHandlersUserSyncTestSuite/TestHandlerSyncUsers" time="0.000"></testcase>
		<testcase classname="api_handlers" name="TestLdapHandlersUserSyncTestSuite/TestHandlerSyncUsers_DBDeleteError" time="0.000"></testcase>
		<testcase classname="api_handlers" name="TestLdapHandlersUserSyncTestSuite/TestHandlerSyncUsers_DBExistsDNError" time="0.000"></testcase>
		<testcase classname="api_handlers" name="TestLdapHandlersUserSyncTestSuite/TestHandlerSyncUsers_DBGetAllError" time="0.000"></testcase>
		<testcase classname="api_handlers" name="TestLdapHandlersUserSyncTestSuite/TestHandlerSyncUsers_DBInsertError" time="0.000"></testcase>
		<testcase classname="api_handlers" name="TestLdapHandlersUserSyncTestSuite/TestHandlerSyncUsers_DBUpdateError" time="0.000"></testcase>
		<testcase classname="api_handlers" name="TestLdapHandlersUserSyncTestSuite/TestHandlerSyncUsers_LdapGetUsersError" time="0.000"></testcase>
		<testcase classname="api_handlers" name="TestTabHandlersTestSuite" time="0.000"></testcase>
		<testcase classname="api_handlers" name="TestTabHandlersTestSuite/TestHandlerTabsDelete" time="0.000"></testcase>
		<testcase classname="api_handlers" name="TestTabHandlersTestSuite/TestHandlerTabsDeleteError" time="0.000"></testcase>
		<testcase classname="api_handlers" name="TestTabHandlersTestSuite/TestHandlerTabsGet" time="0.000"></testcase>
		<testcase classname="api_handlers" name="TestTabHandlersTestSuite/TestHandlerTabsGetError" time="0.000"></testcase>
		<testcase classname="api_handlers" name="TestTabHandlersTestSuite/TestHandlerTabsInsert" time="0.000"></testcase>
		<testcase classname="api_handlers" name="TestTabHandlersTestSuite/TestHandlerTabsInsertError" time="0.000"></testcase>
		<testcase classname="api_handlers" name="TestTabHandlersTestSuite/TestHandlerTabsUpdate" time="0.000"></testcase>
		<testcase classname="api_handlers" name="TestTabHandlersTestSuite/TestHandlerTabsUpdateError" time="0.000"></testcase>
		<testcase classname="api_handlers" name="TestUserApplicationsHandlersTestSuite" time="0.000"></testcase>
		<testcase classname="api_handlers" name="TestUserApplicationsHandlersTestSuite/TestHandlerUserApplicationsDelete" time="0.000"></testcase>
		<testcase classname="api_handlers" name="TestUserApplicationsHandlersTestSuite/TestHandlerUserApplicationsDeleteError" time="0.000"></testcase>
		<testcase classname="api_handlers" name="TestUserApplicationsHandlersTestSuite/TestHandlerUserApplicationsGet" time="0.000"></testcase>
		<testcase classname="api_handlers" name="TestUserApplicationsHandlersTestSuite/TestHandlerUserApplicationsGetError" time="0.000"></testcase>
		<testcase classname="api_handlers" name="TestUserApplicationsHandlersTestSuite/TestHandlerUserApplicationsInsert" time="0.000"></testcase>
		<testcase classname="api_handlers" name="TestUserApplicationsHandlersTestSuite/TestHandlerUserApplicationsInsertError" time="0.000"></testcase>
		<testcase classname="api_handlers" name="TestUserGroupHandlersTestSuite" time="0.000"></testcase>
		<testcase classname="api_handlers" name="TestUserGroupHandlersTestSuite/TestHandlerGetGroupUsers" time="0.000"></testcase>
		<testcase classname="api_handlers" name="TestUserGroupHandlersTestSuite/TestHandlerGetUserGroups" time="0.000"></testcase>
		<testcase classname="api_handlers" name="TestUserGroupHandlersTestSuite/TestHandlerGroupsDBError" time="0.000"></testcase>
		<testcase classname="api_handlers" name="TestUserGroupHandlersTestSuite/TestHandlerTwoParametersError" time="0.000"></testcase>
		<testcase classname="api_handlers" name="TestUserHandlersTestSuite" time="0.000"></testcase>
		<testcase classname="api_handlers" name="TestUserHandlersTestSuite/TestHandlerUsersDBError" time="0.000"></testcase>
		<testcase classname="api_handlers" name="TestUserHandlersTestSuite/TestHandlerUsersGetAll" time="0.000"></testcase>
		<testcase classname="api_handlers" name="TestUserHandlersTestSuite/TestHandlerUsersGetOne" time="0.000"></testcase>
	</testsuite>
	<testsuite tests="142" failures="0" time="0.853" name="github.com/mwinters-stuff/noodle/noodle/database">
		<properties>
			<property name="go.version" value="go1.19.5"></property>
			<property name="coverage.statements.pct" value="100.0"></property>
		</properties>
		<testcase classname="database" name="TestAppTemplateTableSuite" time="0.010"></testcase>
		<testcase classname="database" name="TestAppTemplateTableSuite/TestCreateTable" time="0.000"></testcase>
		<testcase classname="database" name="TestAppTemplateTableSuite/TestDelete" time="0.000"></testcase>
		<testcase classname="database" name="TestAppTemplateTableSuite/TestDrop" time="0.000"></testcase>
		<testcase classname="database" name="TestAppTemplateTableSuite/TestExists" time="0.000"></testcase>
		<testcase classname="database" name="TestAppTemplateTableSuite/TestInsert" time="0.000"></testcase>
		<testcase classname="database" name="TestAppTemplateTableSuite/TestNotExists" time="0.000"></testcase>
		<testcase classname="database" name="TestAppTemplateTableSuite/TestSearch" time="0.000"></testcase>
		<testcase classname="database" name="TestAppTemplateTableSuite/TestSearchQueryFails" time="0.000"></testcase>
		<testcase classname="database" name="TestAppTemplateTableSuite/TestUpdate" time="0.000"></testcase>
		<testcase classname="database" name="TestAppTemplateTableSuite/TestUpgrade" time="0.000"></testcase>
		<testcase classname="database" name="TestApplicationTabTableSuite" time="0.010"></testcase>
		<testcase classname="database" name="TestApplicationTabTableSuite/TestCreateTable" time="0.000"></testcase>
		<testcase classname="database" name="TestApplicationTabTableSuite/TestDelete" time="0.000"></testcase>
		<testcase classname="database" name="TestApplicationTabTableSuite/TestDrop" time="0.000"></testcase>
		<testcase classname="database" name="TestApplicationTabTableSuite/TestGetTabApps" time="0.000"></testcase>
		<testcase classname="database" name="TestApplicationTabTableSuite/TestGetTabAppsError" time="0.000"></testcase>
		<testcase classname="database" name="TestApplicationTabTableSuite/TestInsert" time="0.000"></testcase>
		<testcase classname="database" name="TestApplicationTabTableSuite/TestUpdate" time="0.000"></testcase>
		<testcase classname="database" name="TestApplicationTabTableSuite/TestUpgrade" time="0.000"></testcase>
		<testcase classname="database" name="TestApplicationsTableSuite" time="0.010"></testcase>
		<testcase classname="database" name="TestApplicationsTableSuite/TestCreateTable" time="0.000"></testcase>
		<testcase classname="database" name="TestApplicationsTableSuite/TestDelete" time="0.000"></testcase>
		<testcase classname="database" name="TestApplicationsTableSuite/TestDrop" time="0.000"></testcase>
		<testcase classname="database" name="TestApplicationsTableSuite/TestGetAppTemplateID" time="0.000"></testcase>
		<testcase classname="database" name="TestApplicationsTableSuite/TestGetAppTemplateIDError" time="0.000"></testcase>
		<testcase classname="database" name="TestApplicationsTableSuite/TestGetID" time="0.000"></testcase>
		<testcase classname="database" name="TestApplicationsTableSuite/TestGetIDError" time="0.000"></testcase>
		<testcase classname="database" name="TestApplicationsTableSuite/TestInsertWithOutTemplate" time="0.000"></testcase>
		<testcase classname="database" name="TestApplicationsTableSuite/TestInsertWithTemplate" time="0.000"></testcase>
		<testcase classname="database" name="TestApplicationsTableSuite/TestUpdate" time="0.000"></testcase>
		<testcase classname="database" name="TestApplicationsTableSuite/TestUpgrade" time="0.000"></testcase>
		<testcase classname="database" name="TestDatabaseSuite" time="0.750"></testcase>
		<testcase classname="database" name="TestDatabaseSuite/TestBadConnect" time="0.140"></testcase>
		<testcase classname="database" name="TestDatabaseSuite/TestCheckUpgradeDowngradeVersion" time="0.100"></testcase>
		<testcase classname="database" name="TestDatabaseSuite/TestCheckUpgradeNewerVersion" time="0.100"></testcase>
		<testcase classname="database" name="TestDatabaseSuite/TestCheckUpgradeSameVersion" time="0.100"></testcase>
		<testcase classname="database" name="TestDatabaseSuite/TestConnect" time="0.100"></testcase>
		<testcase classname="database" name="TestDatabaseSuite/TestCreate" time="0.000"></testcase>
		<testcase classname="database" name="TestDatabaseSuite/TestCreateError" time="0.000"></testcase>
		<testcase classname="database" name="TestDatabaseSuite/TestCreated" time="0.000"></testcase>
		<testcase classname="database" name="TestDatabaseSuite/TestCreatedNotCreated" time="0.000"></testcase>
		<testcase classname="database" name="TestDatabaseSuite/TestDrop" time="0.000"></testcase>
		<testcase classname="database" name="TestDatabaseSuite/TestDropError" time="0.000"></testcase>
		<testcase classname="database" name="TestDatabaseSuite/TestGetVersion" time="0.100"></testcase>
		<testcase classname="database" name="TestDatabaseSuite/TestTables" time="0.000"></testcase>
		<testcase classname="database" name="TestDatabaseSuite/TestUpgrade" time="0.100"></testcase>
		<testcase classname="database" name="TestGroupApplicationsTableSuite" time="0.010"></testcase>
		<testcase classname="database" name="TestGroupApplicationsTableSuite/TestCreateTable" time="0.000"></testcase>
		<testcase classname="database" name="TestGroupApplicationsTableSuite/TestDelete" time="0.000"></testcase>
		<testcase classname="database" name="TestGroupApplicationsTableSuite/TestDrop" time="0.000"></testcase>
		<testcase classname="database" name="TestGroupApplicationsTableSuite/TestGetGroupApps" time="0.000"></testcase>
		<testcase classname="database" name="TestGroupApplicationsTableSuite/TestGetGroupAppsError" time="0.000"></testcase>
		<testcase classname="database" name="TestGroupApplicationsTableSuite/TestInsert" time="0.000"></testcase>
		<testcase classname="database" name="TestGroupApplicationsTableSuite/TestUpgrade" time="0.000"></testcase>
		<testcase classname="database" name="TestGroupTableSuite" time="0.010"></testcase>
		<testcase classname="database" name="TestGroupTableSuite/TestCreateTable" time="0.000"></testcase>
		<testcase classname="database" name="TestGroupTableSuite/TestDelete" time="0.000"></testcase>
		<testcase classname="database" name="TestGroupTableSuite/TestDrop" time="0.000"></testcase>
		<testcase classname="database" name="TestGroupTableSuite/TestExistsDN" time="0.000"></testcase>
		<testcase classname="database" name="TestGroupTableSuite/TestExistsName" time="0.000"></testcase>
		<testcase classname="database" name="TestGroupTableSuite/TestGetAll" time="0.000"></testcase>
		<testcase classname="database" name="TestGroupTableSuite/TestGetAllError" time="0.000"></testcase>
		<testcase classname="database" name="TestGroupTableSuite/TestGetDN" time="0.000"></testcase>
		<testcase classname="database" name="TestGroupTableSuite/TestGetDNError" time="0.000"></testcase>
		<testcase classname="database" name="TestGroupTableSuite/TestGetID" time="0.000"></testcase>
		<testcase classname="database" name="TestGroupTableSuite/TestGetIDError" time="0.000"></testcase>
		<testcase classname="database" name="TestGroupTableSuite/TestInsert" time="0.000"></testcase>
		<testcase classname="database" name="TestGroupTableSuite/TestNotExistsDN" time="0.000"></testcase>
		<testcase classname="database" name="TestGroupTableSuite/TestNotExistsName" time="0.000"></testcase>
		<testcase classname="database" name="TestGroupTableSuite/TestUpdate" time="0.000"></testcase>
		<testcase classname="database" name="TestGroupTableSuite/TestUpgrade" time="0.000"></testcase>
		<testcase classname="database" name="TestTabTableSuite" time="0.010"></testcase>
		<testcase classname="database" name="TestTabTableSuite/TestCreateTable" time="0.000"></testcase>
		<testcase classname="database" name="TestTabTableSuite/TestDelete" time="0.000"></testcase>
		<testcase classname="database" name="TestTabTableSuite/TestDrop" time="0.000"></testcase>
		<testcase classname="database" name="TestTabTableSuite/TestGetAll" time="0.000"></testcase>
		<testcase classname="database" name="TestTabTableSuite/TestGetAllError" time="0.000"></testcase>
		<testcase classname="database" name="TestTabTableSuite/TestInsert" time="0.000"></testcase>
		<testcase classname="database" name="TestTabTableSuite/TestUpdate" time="0.000"></testcase>
		<testcase classname="database" name="TestTabTableSuite/TestUpgrade" time="0.000"></testcase>
		<testcase classname="database" name="TestTablesSuite" time="0.010"></testcase>
		<testcase classname="database" name="TestTablesSuite/TestCreateErrorAppTemplateTable" time="0.000"></testcase>
		<testcase classname="database" name="TestTablesSuite/TestCreateErrorApplicationTabTable" time="0.000"></testcase>
		<testcase classname="database" name="TestTablesSuite/TestCreateErrorApplicationsTable" time="0.000"></testcase>
		<testcase classname="database" name="TestTablesSuite/TestCreateErrorGroupApplicationsTable" time="0.000"></testcase>
		<testcase classname="database" name="TestTablesSuite/TestCreateErrorGroupTable" time="0.000"></testcase>
		<testcase classname="database" name="TestTablesSuite/TestCreateErrorTabTable" time="0.000"></testcase>
		<testcase classname="database" name="TestTablesSuite/TestCreateErrorUserApplicationsTable" time="0.000"></testcase>
		<testcase classname="database" name="TestTablesSuite/TestCreateErrorUserGroupsTable" time="0.000"></testcase>
		<testcase classname="database" name="TestTablesSuite/TestCreateErrorUserTable" time="0.000"></testcase>
		<testcase classname="database" name="TestTablesSuite/TestCreateTable" time="0.000"></testcase>
		<testcase classname="database" name="TestTablesSuite/TestDropErrorAppTemplateTable" time="0.000"></testcase>
		<testcase classname="database" name="TestTablesSuite/TestDropErrorApplicationTabTable" time="0.000"></testcase>
		<testcase classname="database" name="TestTablesSuite/TestDropErrorApplicationsTable" time="0.000"></testcase>
		<testcase classname="database" name="TestTablesSuite/TestDropErrorGroupApplicationsTable" time="0.000"></testcase>
		<testcase classname="database" name="TestTablesSuite/TestDropErrorGroupTable" time="0.000"></testcase>
		<testcase classname="database" name="TestTablesSuite/TestDropErrorTabTable" time="0.000"></testcase>
		<testcase classname="database" name="TestTablesSuite/TestDropErrorUserApplicationsTable" time="0.000"></testcase>
		<testcase classname="database" name="TestTablesSuite/TestDropErrorUserGroupsTable" time="0.000"></testcase>
		<testcase classname="database" name="TestTablesSuite/TestDropErrorUserTable" time="0.000"></testcase>
		<testcase classname="database" name="TestTablesSuite/TestDropTable" time="0.000"></testcase>
		<testcase classname="database" name="TestUserApplicationsTableSuite" time="0.010"></testcase>
		<testcase classname="database" name="TestUserApplicationsTableSuite/TestCreateTable" time="0.000"></testcase>
		<testcase classname="database" name="TestUserApplicationsTableSuite/TestDelete" time="0.000"></testcase>
		<testcase classname="database" name="TestUserApplicationsTableSuite/TestDrop" time="0.000"></testcase>
		<testcase classname="database" name="TestUserApplicationsTableSuite/TestGetUserApps" time="0.000"></testcase>
		<testcase classname="database" name="TestUserApplicationsTableSuite/TestGetUserAppsError" time="0.000"></testcase>
		<testcase classname="database" name="TestUserApplicationsTableSuite/TestInsert" time="0.000"></testcase>
		<testcase classname="database" name="TestUserApplicationsTableSuite/TestUpgrade" time="0.000"></testcase>
		<testcase classname="database" name="TestUserGroupTableSuite" time="0.010"></testcase>
		<testcase classname="database" name="TestUserGroupTableSuite/TestCreateTable" time="0.000"></testcase>
		<testcase classname="database" name="TestUserGroupTableSuite/TestDelete" time="0.000"></testcase>
		<testcase classname="database" name="TestUserGroupTableSuite/TestDrop" time="0.000"></testcase>
		<testcase classname="database" name="TestUserGroupTableSuite/TestExists" time="0.000"></testcase>
		<testcase classname="database" name="TestUserGroupTableSuite/TestGetAll" time="0.000"></testcase>
		<testcase classname="database" name="TestUserGroupTableSuite/TestGetAllError" time="0.000"></testcase>
		<testcase classname="database" name="TestUserGroupTableSuite/TestGetGroup" time="0.000"></testcase>
		<testcase classname="database" name="TestUserGroupTableSuite/TestGetGroupError" time="0.000"></testcase>
		<testcase classname="database" name="TestUserGroupTableSuite/TestGetUser" time="0.000"></testcase>
		<testcase classname="database" name="TestUserGroupTableSuite/TestGetUserError" time="0.000"></testcase>
		<testcase classname="database" name="TestUserGroupTableSuite/TestInsert" time="0.000"></testcase>
		<testcase classname="database" name="TestUserGroupTableSuite/TestNotExists" time="0.000"></testcase>
		<testcase classname="database" name="TestUserGroupTableSuite/TestUpgrade" time="0.000"></testcase>
		<testcase classname="database" name="TestUserTableSuite" time="0.020"></testcase>
		<testcase classname="database" name="TestUserTableSuite/TestCreateTable" time="0.000"></testcase>
		<testcase classname="database" name="TestUserTableSuite/TestDelete" time="0.000"></testcase>
		<testcase classname="database" name="TestUserTableSuite/TestDrop" time="0.000"></testcase>
		<testcase classname="database" name="TestUserTableSuite/TestExistsDN" time="0.000"></testcase>
		<testcase classname="database" name="TestUserTableSuite/TestExistsNotDN" time="0.000"></testcase>
		<testcase classname="database" name="TestUserTableSuite/TestExistsUsername" time="0.000"></testcase>
		<testcase classname="database" name="TestUserTableSuite/TestGetAll" time="0.000"></testcase>
		<testcase classname="database" name="TestUserTableSuite/TestGetAllError" time="0.000"></testcase>
		<testcase classname="database" name="TestUserTableSuite/TestGetDN" time="0.000"></testcase>
		<testcase classname="database" name="TestUserTableSuite/TestGetDNError" time="0.000"></testcase>
		<testcase classname="database" name="TestUserTableSuite/TestGetID" time="0.000"></testcase>
		<testcase classname="database" name="TestUserTableSuite/TestGetIDError" time="0.000"></testcase>
		<testcase classname="database" name="TestUserTableSuite/TestGetIDNoResultError" time="0.000"></testcase>
		<testcase classname="database" name="TestUserTableSuite/TestInsert" time="0.000"></testcase>
		<testcase classname="database" name="TestUserTableSuite/TestNotExistsUsername" time="0.000"></testcase>
		<testcase classname="database" name="TestUserTableSuite/TestUpdate" time="0.000"></testcase>
		<testcase classname="database" name="TestUserTableSuite/TestUpgrade" time="0.000"></testcase>
	</testsuite>
	<testsuite tests="7" failures="0" time="0.006" name="github.com/mwinters-stuff/noodle/noodle/heimdall">
		<properties>
			<property name="go.version" value="go1.19.5"></property>
			<property name="coverage.statements.pct" value="100.0"></property>
		</properties>
		<testcase classname="heimdall" name="TestHeimdallAppsSuite" time="0.000"></testcase>
		<testcase classname="heimdall" name="TestHeimdallAppsSuite/TestUpdateFromServer" time="0.000"></testcase>
		<testcase classname="heimdall" name="TestHeimdallAppsSuite/TestUpdateFromServerFailDatabaseExists" time="0.000"></testcase>
		<testcase classname="heimdall" name="TestHeimdallAppsSuite/TestUpdateFromServerFailDatabaseUpdate" time="0.000"></testcase>
		<testcase classname="heimdall" name="TestHeimdallAppsSuite/TestUpdateFromServerFailed401" time="0.000"></testcase>
		<testcase classname="heimdall" name="TestHeimdallAppsSuite/TestUpdateFromServerFailedGet" time="0.000"></testcase>
		<testcase classname="heimdall" name="TestHeimdallAppsSuite/TestUpdateFromServerFailedUnMarshal" time="0.000"></testcase>
	</testsuite>
	<testsuite tests="24" failures="0" time="0.111" name="github.com/mwinters-stuff/noodle/noodle/ldap_handler">
		<properties>
			<property name="go.version" value="go1.19.5"></property>
			<property name="coverage.statements.pct" value="100.0"></property>
		</properties>
		<testcase classname="ldap_handler" name="TestLDAPHandlerSuite" time="0.110"></testcase>
		<testcase classname="ldap_handler" name="TestLDAPHandlerSuite/TestAuthUserFail" time="0.000"></testcase>
		<testcase classname="ldap_handler" name="TestLDAPHandlerSuite/TestAuthUserReauthError" time="0.000"></testcase>
		<testcase classname="ldap_handler" name="TestLDAPHandlerSuite/TestAuthUserSuccess" time="0.000"></testcase>
		<testcase classname="ldap_handler" name="TestLDAPHandlerSuite/TestConnectFailedBind" time="0.000"></testcase>
		<testcase classname="ldap_handler" name="TestLDAPHandlerSuite/TestConnectFailedDial" time="0.000"></testcase>
		<testcase classname="ldap_handler" name="TestLDAPHandlerSuite/TestConnectFailedStartTLS" time="0.000"></testcase>
		<testcase classname="ldap_handler" name="TestLDAPHandlerSuite/TestConnectSuccess" time="0.100"></testcase>
		<testcase classname="ldap_handler" name="TestLDAPHandlerSuite/TestGetGroupUsers" time="0.000"></testcase>
		<testcase classname="ldap_handler" name="TestLDAPHandlerSuite/TestGetGroupUsersErrorNoResult" time="0.000"></testcase>
		<testcase classname="ldap_handler" name="TestLDAPHandlerSuite/TestGetGroupUsersErrorUserSearchFailed" time="0.000"></testcase>
		<testcase classname="ldap_handler" name="TestLDAPHandlerSuite/TestGetGroupUsersLDAPSearchError" time="0.000"></testcase>
		<testcase classname="ldap_handler" name="TestLDAPHandlerSuite/TestGetGroups" time="0.000"></testcase>
		<testcase classname="ldap_handler" name="TestLDAPHandlerSuite/TestGetGroupsError" time="0.000"></testcase>
		<testcase classname="ldap_handler" name="TestLDAPHandlerSuite/TestGetUser" time="0.000"></testcase>
		<testcase classname="ldap_handler" name="TestLDAPHandlerSuite/TestGetUserByDN" time="0.000"></testcase>
		<testcase classname="ldap_handler" name="TestLDAPHandlerSuite/TestGetUserByDNErrorMoreThanOne" time="0.000"></testcase>
		<testcase classname="ldap_handler" name="TestLDAPHandlerSuite/TestGetUserByDNLDAPError" time="0.000"></testcase>
		<testcase classname="ldap_handler" name="TestLDAPHandlerSuite/TestGetUserError" time="0.000"></testcase>
		<testcase classname="ldap_handler" name="TestLDAPHandlerSuite/TestGetUserErrorNone" time="0.000"></testcase>
		<testcase classname="ldap_handler" name="TestLDAPHandlerSuite/TestGetUserGroups" time="0.000"></testcase>
		<testcase classname="ldap_handler" name="TestLDAPHandlerSuite/TestGetUserGroupsError" time="0.000"></testcase>
		<testcase classname="ldap_handler" name="TestLDAPHandlerSuite/TestGetUsers" time="0.000"></testcase>
		<testcase classname="ldap_handler" name="TestLDAPHandlerSuite/TestGetUsersError" time="0.000"></testcase>
	</testsuite>
</testsuites>
